07-02-2022 12:09:50.353 [Gauge] [DEBUG] Created gauge_screenshots_dir at C:\Users\testinium\IntelliJIDEAProjects\AppiumMobile\.gauge\screenshots
07-02-2022 12:09:50.356 [Gauge] [DEBUG] Plugin html-report is already installed.
07-02-2022 12:09:50.358 [Gauge] [DEBUG] Plugin java is already installed.
07-02-2022 12:09:50.360 [Gauge] [DEBUG] Parsing started.
07-02-2022 12:09:50.360 [Gauge] [DEBUG] Started concepts parsing.
07-02-2022 12:09:50.375 [Gauge] [DEBUG] 12 concepts parsing completed.
07-02-2022 12:09:50.375 [Gauge] [DEBUG] Started specifications parsing.
07-02-2022 12:09:50.377 [Gauge] [DEBUG] 1 specifications parsing completed.
07-02-2022 12:09:50.377 [Gauge] [DEBUG] Parsing completed.
07-02-2022 12:09:50.451 [java] [DEBUG] ***** Printing Properties/Env Values *****
07-02-2022 12:09:50.452 [java] [DEBUG] PATH: C:\Program Files (x86)\NVIDIA Corporation\PhysX\Common;C:\Program Files (x86)\Common Files\Oracle\Java\javapath;C:\Windows\system32;C:\Windows;C:\Windows\System32\Wbem;C:\Windows\System32\WindowsPowerShell\v1.0\;C:\Windows\System32\OpenSSH\;C:\Program Files\nodejs\;C:\Program Files\maven\apache-maven-3.8.4\bin;C:\Program Files\Gauge\bin;C:\Program Files\Git\cmd;C:\WINDOWS\system32;C:\WINDOWS;C:\WINDOWS\System32\Wbem;C:\WINDOWS\System32\WindowsPowerShell\v1.0\;C:\WINDOWS\System32\OpenSSH\;C:\Program Files\dotnet\;C:\Users\testinium\AppData\Local\Android\Sdk\cmdline-tools\latest\bin;C:\Users\testinium\AppData\Local\Android\Sdk\tools\bin;C:\Users\testinium\AppData\Local\Android\Sdk\tools;C:\Users\testinium\AppData\Local\Android\Sdk\platform-tools;C:\Users\testinium\AppData\Local\Android\Sdk\emulator;C:\Program Files (x86)\Micro Focus\Unified Functional Testing\bin;C:\Users\testinium\AppData\Local\Microsoft\WindowsApps;C:\Users\testinium\AppData\Roaming\npm;C:\Program Files\JetBrains\IntelliJ IDEA Community Edition 2021.3.1\bin;C:\Users\testinium\AppData\Local\Programs\Microsoft VS Code\bin;C:\Users\testinium\AppData\Local\atom\bin;C:\Users\testinium\AppData\Roaming\gauge\plugins\screenshot\0.1.0
07-02-2022 12:09:50.452 [java] [DEBUG] JAVA_HOME: C:\Program Files (x86)\Java\jdk1.8.0_311
07-02-2022 12:09:50.452 [java] [DEBUG] gauge_project_root: C:\Users\testinium\IntelliJIDEAProjects\AppiumMobile
07-02-2022 12:09:50.452 [java] [DEBUG] gauge_parallel_streams_count: 8
07-02-2022 12:09:50.452 [java] [DEBUG] gauge_reports_dir: reports
07-02-2022 12:09:50.452 [java] [DEBUG] overwrite_reports: true
07-02-2022 12:09:50.452 [java] [DEBUG] logs_directory: logs
07-02-2022 12:09:50.452 [java] [DEBUG] enable_multithreading: 
07-02-2022 12:09:50.452 [java] [DEBUG] gauge_specs_dir: specs
07-02-2022 12:09:50.452 [java] [DEBUG] csv_delimiter: ,
07-02-2022 12:09:50.452 [java] [DEBUG] gauge_java_home: 
07-02-2022 12:09:50.452 [java] [DEBUG] gauge_custom_build_path: 
07-02-2022 12:09:50.452 [java] [DEBUG] gauge_additional_libs: libs/*
07-02-2022 12:09:50.452 [java] [DEBUG] gauge_jvm_args: 
07-02-2022 12:09:50.452 [java] [DEBUG] gauge_custom_compile_dir: 
07-02-2022 12:09:50.452 [java] [DEBUG] gauge_clear_state_level: scenario
07-02-2022 12:09:50.452 [java] [DEBUG] ***** END *****
07-02-2022 12:09:50.640 [Gauge] [DEBUG] Checking updates...
07-02-2022 12:09:50.644 [Gauge] [DEBUG] Downloading https://downloads.gauge.org/plugin/dotnet?l=java&p=dotnet,html-report,java,js,python,ruby,screenshot,spectacle,xml-report&o=windows&a=amd64
07-02-2022 12:09:50.786 [java] [ERROR] Picked up JAVA_TOOL_OPTIONS: -agentlib:jvmhook
07-02-2022 12:09:50.786 [java] [ERROR] Picked up _JAVA_OPTIONS: -Xrunjvmhook -Xbootclasspath/a:"C:\Program Files (x86)\Micro Focus\Unified Functional Testing\bin\java_shared\classes\jasmine.jar"
07-02-2022 12:09:50.972 [Gauge] [DEBUG] Downloading https://downloads.gauge.org/plugin/html-report?l=java&p=dotnet,html-report,java,js,python,ruby,screenshot,spectacle,xml-report&o=windows&a=amd64
07-02-2022 12:09:51.060 [Gauge] [DEBUG] Downloading https://downloads.gauge.org/plugin/java?l=java&p=dotnet,html-report,java,js,python,ruby,screenshot,spectacle,xml-report&o=windows&a=amd64
07-02-2022 12:09:51.191 [Gauge] [DEBUG] Downloading https://downloads.gauge.org/plugin/js?l=java&p=dotnet,html-report,java,js,python,ruby,screenshot,spectacle,xml-report&o=windows&a=amd64
07-02-2022 12:09:51.275 [Gauge] [DEBUG] Downloading https://downloads.gauge.org/plugin/python?l=java&p=dotnet,html-report,java,js,python,ruby,screenshot,spectacle,xml-report&o=windows&a=amd64
07-02-2022 12:09:51.373 [Gauge] [DEBUG] Downloading https://downloads.gauge.org/plugin/ruby?l=java&p=dotnet,html-report,java,js,python,ruby,screenshot,spectacle,xml-report&o=windows&a=amd64
07-02-2022 12:09:51.472 [Gauge] [DEBUG] Downloading https://downloads.gauge.org/plugin/screenshot?l=java&p=dotnet,html-report,java,js,python,ruby,screenshot,spectacle,xml-report&o=windows&a=amd64
07-02-2022 12:09:51.544 [Gauge] [DEBUG] Downloading https://downloads.gauge.org/plugin/spectacle?l=java&p=dotnet,html-report,java,js,python,ruby,screenshot,spectacle,xml-report&o=windows&a=amd64
07-02-2022 12:09:51.623 [Gauge] [DEBUG] Downloading https://downloads.gauge.org/plugin/xml-report?l=java&p=dotnet,html-report,java,js,python,ruby,screenshot,spectacle,xml-report&o=windows&a=amd64
07-02-2022 12:09:54.757 [java] [DEBUG] classpath set to C:\Program Files (x86)\Java\jdk1.8.0_311\jre\lib\charsets.jar;C:\Program Files (x86)\Java\jdk1.8.0_311\jre\lib\deploy.jar;C:\Program Files (x86)\Java\jdk1.8.0_311\jre\lib\ext\access-bridge-64.jar;C:\Program Files (x86)\Java\jdk1.8.0_311\jre\lib\ext\cldrdata.jar;C:\Program Files (x86)\Java\jdk1.8.0_311\jre\lib\ext\dnsns.jar;C:\Program Files (x86)\Java\jdk1.8.0_311\jre\lib\ext\jaccess.jar;C:\Program Files (x86)\Java\jdk1.8.0_311\jre\lib\ext\jfxrt.jar;C:\Program Files (x86)\Java\jdk1.8.0_311\jre\lib\ext\localedata.jar;C:\Program Files (x86)\Java\jdk1.8.0_311\jre\lib\ext\nashorn.jar;C:\Program Files (x86)\Java\jdk1.8.0_311\jre\lib\ext\sunec.jar;C:\Program Files (x86)\Java\jdk1.8.0_311\jre\lib\ext\sunjce_provider.jar;C:\Program Files (x86)\Java\jdk1.8.0_311\jre\lib\ext\sunmscapi.jar;C:\Program Files (x86)\Java\jdk1.8.0_311\jre\lib\ext\sunpkcs11.jar;C:\Program Files (x86)\Java\jdk1.8.0_311\jre\lib\ext\zipfs.jar;C:\Program Files (x86)\Java\jdk1.8.0_311\jre\lib\javaws.jar;C:\Program Files (x86)\Java\jdk1.8.0_311\jre\lib\jce.jar;C:\Program Files (x86)\Java\jdk1.8.0_311\jre\lib\jfr.jar;C:\Program Files (x86)\Java\jdk1.8.0_311\jre\lib\jfxswt.jar;C:\Program Files (x86)\Java\jdk1.8.0_311\jre\lib\jsse.jar;C:\Program Files (x86)\Java\jdk1.8.0_311\jre\lib\management-agent.jar;C:\Program Files (x86)\Java\jdk1.8.0_311\jre\lib\plugin.jar;C:\Program Files (x86)\Java\jdk1.8.0_311\jre\lib\resources.jar;C:\Program Files (x86)\Java\jdk1.8.0_311\jre\lib\rt.jar;C:\Users\testinium\IntelliJIDEAProjects\AppiumMobile\target\test-classes;C:\Users\testinium\.m2\repository\junit\junit\4.12\junit-4.12.jar;C:\Users\testinium\.m2\repository\org\hamcrest\hamcrest-core\1.3\hamcrest-core-1.3.jar;C:\Users\testinium\.m2\repository\com\thoughtworks\gauge\gauge-java\0.7.15\gauge-java-0.7.15.jar;C:\Users\testinium\.m2\repository\org\assertj\assertj-core\3.19.0\assertj-core-3.19.0.jar;C:\Users\testinium\.m2\repository\org\reflections\reflections\0.9.9\reflections-0.9.9.jar;C:\Users\testinium\.m2\repository\org\javassist\javassist\3.18.2-GA\javassist-3.18.2-GA.jar;C:\Users\testinium\.m2\repository\com\google\code\findbugs\annotations\2.0.1\annotations-2.0.1.jar;C:\Users\testinium\.m2\repository\com\github\javaparser\javaparser-core\3.16.3\javaparser-core-3.16.3.jar;C:\Users\testinium\.m2\repository\commons-io\commons-io\2.8.0\commons-io-2.8.0.jar;C:\Users\testinium\.m2\repository\commons-lang\commons-lang\2.6\commons-lang-2.6.jar;C:\Users\testinium\.m2\repository\org\json\json\20210307\json-20210307.jar;C:\Users\testinium\.m2\repository\com\google\protobuf\protobuf-java\3.15.8\protobuf-java-3.15.8.jar;C:\Users\testinium\.m2\repository\com\google\guava\guava\30.1.1-jre\guava-30.1.1-jre.jar;C:\Users\testinium\.m2\repository\com\google\guava\failureaccess\1.0.1\failureaccess-1.0.1.jar;C:\Users\testinium\.m2\repository\com\google\guava\listenablefuture\9999.0-empty-to-avoid-conflict-with-guava\listenablefuture-9999.0-empty-to-avoid-conflict-with-guava.jar;C:\Users\testinium\.m2\repository\com\google\code\findbugs\jsr305\3.0.2\jsr305-3.0.2.jar;C:\Users\testinium\.m2\repository\org\checkerframework\checker-qual\3.8.0\checker-qual-3.8.0.jar;C:\Users\testinium\.m2\repository\com\google\errorprone\error_prone_annotations\2.5.1\error_prone_annotations-2.5.1.jar;C:\Users\testinium\.m2\repository\com\google\j2objc\j2objc-annotations\1.3\j2objc-annotations-1.3.jar;C:\Users\testinium\.m2\repository\io\grpc\grpc-netty-shaded\1.37.0\grpc-netty-shaded-1.37.0.jar;C:\Users\testinium\.m2\repository\io\grpc\grpc-core\1.37.0\grpc-core-1.37.0.jar;C:\Users\testinium\.m2\repository\com\google\android\annotations\4.1.1.4\annotations-4.1.1.4.jar;C:\Users\testinium\.m2\repository\io\perfmark\perfmark-api\0.23.0\perfmark-api-0.23.0.jar;C:\Users\testinium\.m2\repository\io\grpc\grpc-protobuf\1.37.0\grpc-protobuf-1.37.0.jar;C:\Users\testinium\.m2\repository\io\grpc\grpc-api\1.37.0\grpc-api-1.37.0.jar;C:\Users\testinium\.m2\repository\io\grpc\grpc-context\1.37.0\grpc-context-1.37.0.jar;C:\Users\testinium\.m2\repository\com\google\api\grpc\proto-google-common-protos\2.0.1\proto-google-common-protos-2.0.1.jar;C:\Users\testinium\.m2\repository\io\grpc\grpc-protobuf-lite\1.37.0\grpc-protobuf-lite-1.37.0.jar;C:\Users\testinium\.m2\repository\org\codehaus\mojo\animal-sniffer-annotations\1.19\animal-sniffer-annotations-1.19.jar;C:\Users\testinium\.m2\repository\io\grpc\grpc-stub\1.37.0\grpc-stub-1.37.0.jar;C:\Users\testinium\.m2\repository\javax\annotation\javax.annotation-api\1.3.2\javax.annotation-api-1.3.2.jar;C:\Users\testinium\.m2\repository\io\appium\java-client\7.3.0\java-client-7.3.0.jar;C:\Users\testinium\.m2\repository\org\seleniumhq\selenium\selenium-java\3.141.59\selenium-java-3.141.59.jar;C:\Users\testinium\.m2\repository\org\seleniumhq\selenium\selenium-chrome-driver\3.141.59\selenium-chrome-driver-3.141.59.jar;C:\Users\testinium\.m2\repository\org\seleniumhq\selenium\selenium-edge-driver\3.141.59\selenium-edge-driver-3.141.59.jar;C:\Users\testinium\.m2\repository\org\seleniumhq\selenium\selenium-firefox-driver\3.141.59\selenium-firefox-driver-3.141.59.jar;C:\Users\testinium\.m2\repository\org\seleniumhq\selenium\selenium-ie-driver\3.141.59\selenium-ie-driver-3.141.59.jar;C:\Users\testinium\.m2\repository\org\seleniumhq\selenium\selenium-opera-driver\3.141.59\selenium-opera-driver-3.141.59.jar;C:\Users\testinium\.m2\repository\org\seleniumhq\selenium\selenium-remote-driver\3.141.59\selenium-remote-driver-3.141.59.jar;C:\Users\testinium\.m2\repository\org\seleniumhq\selenium\selenium-safari-driver\3.141.59\selenium-safari-driver-3.141.59.jar;C:\Users\testinium\.m2\repository\net\bytebuddy\byte-buddy\1.8.15\byte-buddy-1.8.15.jar;C:\Users\testinium\.m2\repository\org\apache\commons\commons-exec\1.3\commons-exec-1.3.jar;C:\Users\testinium\.m2\repository\com\squareup\okhttp3\okhttp\3.11.0\okhttp-3.11.0.jar;C:\Users\testinium\.m2\repository\com\squareup\okio\okio\1.14.0\okio-1.14.0.jar;C:\Users\testinium\.m2\repository\org\seleniumhq\selenium\selenium-support\3.141.59\selenium-support-3.141.59.jar;C:\Users\testinium\.m2\repository\org\seleniumhq\selenium\selenium-api\3.141.59\selenium-api-3.141.59.jar;C:\Users\testinium\.m2\repository\com\google\code\gson\gson\2.8.5\gson-2.8.5.jar;C:\Users\testinium\.m2\repository\org\apache\httpcomponents\httpclient\4.5.9\httpclient-4.5.9.jar;C:\Users\testinium\.m2\repository\org\apache\httpcomponents\httpcore\4.4.11\httpcore-4.4.11.jar;C:\Users\testinium\.m2\repository\commons-logging\commons-logging\1.2\commons-logging-1.2.jar;C:\Users\testinium\.m2\repository\commons-codec\commons-codec\1.11\commons-codec-1.11.jar;C:\Users\testinium\.m2\repository\cglib\cglib\3.2.12\cglib-3.2.12.jar;C:\Users\testinium\.m2\repository\org\ow2\asm\asm\7.1\asm-7.1.jar;C:\Users\testinium\.m2\repository\commons-validator\commons-validator\1.6\commons-validator-1.6.jar;C:\Users\testinium\.m2\repository\commons-beanutils\commons-beanutils\1.9.2\commons-beanutils-1.9.2.jar;C:\Users\testinium\.m2\repository\commons-digester\commons-digester\1.8.1\commons-digester-1.8.1.jar;C:\Users\testinium\.m2\repository\commons-collections\commons-collections\3.2.2\commons-collections-3.2.2.jar;C:\Users\testinium\.m2\repository\org\apache\commons\commons-lang3\3.9\commons-lang3-3.9.jar;C:\Users\testinium\.m2\repository\org\springframework\spring-context\5.1.8.RELEASE\spring-context-5.1.8.RELEASE.jar;C:\Users\testinium\.m2\repository\org\springframework\spring-aop\5.1.8.RELEASE\spring-aop-5.1.8.RELEASE.jar;C:\Users\testinium\.m2\repository\org\springframework\spring-beans\5.1.8.RELEASE\spring-beans-5.1.8.RELEASE.jar;C:\Users\testinium\.m2\repository\org\springframework\spring-core\5.1.8.RELEASE\spring-core-5.1.8.RELEASE.jar;C:\Users\testinium\.m2\repository\org\springframework\spring-jcl\5.1.8.RELEASE\spring-jcl-5.1.8.RELEASE.jar;C:\Users\testinium\.m2\repository\org\springframework\spring-expression\5.1.8.RELEASE\spring-expression-5.1.8.RELEASE.jar;C:\Users\testinium\.m2\repository\org\aspectj\aspectjweaver\1.9.4\aspectjweaver-1.9.4.jar;C:\Users\testinium\.m2\repository\org\slf4j\slf4j-api\1.7.30\slf4j-api-1.7.30.jar;C:\Users\testinium\.m2\repository\org\slf4j\slf4j-log4j12\1.7.30\slf4j-log4j12-1.7.30.jar;C:\Users\testinium\.m2\repository\log4j\log4j\1.2.17\log4j-1.2.17.jar
07-02-2022 12:09:55.016 [java] [DEBUG] found java executable in C:\Program Files (x86)\Java\jdk1.8.0_311\jre\bin\java.exe
07-02-2022 12:09:55.016 [java] [DEBUG] running - C:\Program Files (x86)\Java\jdk1.8.0_311\jre\bin\java.exe [-Dfile.encoding=UTF-8 com.thoughtworks.gauge.GaugeRuntime --start]
07-02-2022 12:09:55.016 [java] [DEBUG] stdout/stderr is logged to logs\6360-java.exe.out
07-02-2022 12:09:55.062 [java] [ERROR] Picked up JAVA_TOOL_OPTIONS: -agentlib:jvmhook
07-02-2022 12:09:55.062 [java] [ERROR] Picked up _JAVA_OPTIONS: -Xrunjvmhook -Xbootclasspath/a:"C:\Program Files (x86)\Micro Focus\Unified Functional Testing\bin\java_shared\classes\jasmine.jar"
07-02-2022 12:09:55.385 [java] [DEBUG] multithreading is set to false
07-02-2022 12:09:55.772 [java] [DEBUG] Using reflection to scan dependencies for gauge implementations...
07-02-2022 12:09:55.884 [java] [ERROR] log4j:ERROR Could not find value for key log4j.appender.ERROR
07-02-2022 12:09:55.884 [java] [ERROR] log4j:ERROR Could not instantiate appender named "ERROR".
07-02-2022 12:09:56.550 [java] [DEBUG] gauge-java took 1165milliseconds to load and scan. This should be less than 'runner_connection_timeout' config value.
07-02-2022 12:09:56.550 [java] [DEBUG] run 'gauge config runner_connection_timeout' and verify that it is < 1165
07-02-2022 12:09:56.550 [java] [DEBUG] starting gRPC server...
07-02-2022 12:09:57.229 [java] [DEBUG] started gRPC server on port 63175
07-02-2022 12:09:57.230 [Gauge] [DEBUG] Attempting to connect to grpc server at port: 63175
07-02-2022 12:09:57.439 [Gauge] [DEBUG] Successfully made the connection with runner with port: 63175
07-02-2022 12:09:57.440 [Gauge] [DEBUG] Validation started.
07-02-2022 12:10:00.049 [java] [INFO] 2022-02-07 12:10:00 INFO  Reflections:228 - Reflections took 4073 ms to scan 92 urls, producing 11054 keys and 58749 values
07-02-2022 12:10:00.049 [java] [DEBUG] Scanning packages for steps
07-02-2022 12:10:00.085 [java] [DEBUG] Comparing 'StepImplementation.scrollDown' and 'StepImplementation.scrollDown'
07-02-2022 12:10:00.086 [java] [DEBUG] Found Sayfayı sayfa boyunca aşağı kaydır in current project scope.
07-02-2022 12:10:00.086 [java] [DEBUG] Comparing 'StepImplementation.scrollDownSmall' and 'StepImplementation.scrollDownSmall'
07-02-2022 12:10:00.086 [java] [DEBUG] Found Sayfayı aşağıya kaydır in current project scope.
07-02-2022 12:10:00.086 [java] [DEBUG] Comparing 'StepImplementation.logger' and 'StepImplementation.logger'
07-02-2022 12:10:00.086 [java] [DEBUG] Found {} in current project scope.
07-02-2022 12:10:00.086 [java] [DEBUG] Comparing 'StepImplementation.textAreacontrolById' and 'StepImplementation.textAreacontrolById'
07-02-2022 12:10:00.086 [java] [DEBUG] Found {} id elementi bul ve {} alanını kontrol et in current project scope.
07-02-2022 12:10:00.087 [java] [DEBUG] Comparing 'StepImplementation.randomSelect' and 'StepImplementation.randomSelect'
07-02-2022 12:10:00.087 [java] [DEBUG] Found {} xpath elementlerten rastgele bir tane seç in current project scope.
07-02-2022 12:10:00.087 [java] [DEBUG] Comparing 'StepImplementation.sendKeysByXpath' and 'StepImplementation.sendKeysByXpath'
07-02-2022 12:10:00.087 [java] [DEBUG] Found {} xpath elementi bul ve {} değerini yaz in current project scope.
07-02-2022 12:10:00.087 [java] [DEBUG] Comparing 'StepImplementation.clickByXpath' and 'StepImplementation.clickByXpath'
07-02-2022 12:10:00.087 [java] [DEBUG] Found {} xpath elemente tıkla in current project scope.
07-02-2022 12:10:00.087 [java] [DEBUG] Comparing 'StepImplementation.waitForseconds' and 'StepImplementation.waitForseconds'
07-02-2022 12:10:00.087 [java] [DEBUG] Found {} saniye kadar bekle in current project scope.
07-02-2022 12:10:00.087 [java] [DEBUG] Comparing 'StepImplementation.textAreacontrolByXpath' and 'StepImplementation.textAreacontrolByXpath'
07-02-2022 12:10:00.087 [java] [DEBUG] Found {} xpath elementi bul ve {} alanını kontrol et in current project scope.
07-02-2022 12:10:00.087 [java] [DEBUG] Comparing 'StepImplementation.clickByid' and 'StepImplementation.clickByid'
07-02-2022 12:10:00.087 [java] [DEBUG] Found {} id elemente tıkla in current project scope.
07-02-2022 12:10:00.087 [java] [DEBUG] Comparing 'StepImplementation.sendkeysByid' and 'StepImplementation.sendkeysByid'
07-02-2022 12:10:00.087 [java] [DEBUG] Found {} id elementi bul ve {} değerini yaz in current project scope.
07-02-2022 12:10:00.087 [java] [DEBUG] Scanning packages for hooks
07-02-2022 12:10:00.098 [java] [DEBUG] Scanned steps (using static parsing + reflections): 
07-02-2022 12:10:00.099 [java] [DEBUG] 	{} xpath elemente tıkla : public void clickByXpath(String xpath)
07-02-2022 12:10:00.099 [java] [DEBUG] 	{} : public void logger(String text)
07-02-2022 12:10:00.099 [java] [DEBUG] 	Sayfayı aşağıya kaydır : public void scrollDownSmall()
07-02-2022 12:10:00.099 [java] [DEBUG] 	{} xpath elementi bul ve {} değerini yaz : public void sendKeysByXpath(String xpath, String text)
07-02-2022 12:10:00.099 [java] [DEBUG] 	{} id elemente tıkla : public void clickByid(String id)
07-02-2022 12:10:00.099 [java] [DEBUG] 	{} id elementi bul ve {} değerini yaz : public void sendkeysByid(String id, String text)
07-02-2022 12:10:00.099 [java] [DEBUG] 	{} saniye kadar bekle : public void waitForseconds(int time) throws InterruptedException
07-02-2022 12:10:00.099 [java] [DEBUG] 	{} xpath elementlerten rastgele bir tane seç : public void randomSelect(String xpath)
07-02-2022 12:10:00.099 [java] [DEBUG] 	{} xpath elementi bul ve {} alanını kontrol et : public void textAreacontrolByXpath(String xpath, String text)
07-02-2022 12:10:00.099 [java] [DEBUG] 	{} id elementi bul ve {} alanını kontrol et : public void textAreacontrolById(String id, String text)
07-02-2022 12:10:00.099 [java] [DEBUG] 	Sayfayı sayfa boyunca aşağı kaydır : public void scrollDown()
07-02-2022 12:10:03.113 [java] [INFO] 2022-02-07 12:10:03 INFO  Reflections:228 - Reflections took 3005 ms to scan 92 urls, producing 10964 keys and 49771 values
07-02-2022 12:10:03.251 [Gauge] [DEBUG] Validation completed.
07-02-2022 12:10:03.258 [Gauge] [DEBUG] Run started
07-02-2022 12:10:03.260 [Gauge] [DEBUG] Starting Html Report plugin
07-02-2022 12:10:03.301 [Gauge] [DEBUG] Attempting to connect to grpc server at port: 63182
07-02-2022 12:10:03.302 [Gauge] [DEBUG] Successfully made the connection with plugin with port: 63182
07-02-2022 12:10:03.302 [Gauge] [DEBUG] Initialising suite data store.
07-02-2022 12:10:03.395 [java] [INFO] 2022-02-07 12:10:03 INFO  Loggers:24 - ANDROID TESTI BASLIYOR
07-02-2022 12:10:27.309 [java] [ERROR] Feb 07, 2022 12:10:27 PM io.appium.java_client.remote.AppiumCommandExecutor$1 lambda$0
07-02-2022 12:10:27.309 [java] [ERROR] INFO: Detected dialect: W3C
07-02-2022 12:10:27.377 [java] [DEBUG] Executing '{}' using 'class StepImplementation.logger
07-02-2022 12:10:27.385 [java] [INFO] 2022-02-07 12:10:27 INFO  Loggers:22 - ÖZDİLEKTEYİM UYGULAMSI TESTİ BAŞLADI
07-02-2022 12:10:27.404 [java] [DEBUG] Executing '{} saniye kadar bekle' using 'class StepImplementation.waitForseconds
07-02-2022 12:10:35.470 [java] [DEBUG] Executing '{} id elementi bul ve {} alanını kontrol et' using 'class StepImplementation.textAreacontrolById
07-02-2022 12:10:35.592 [java] [INFO] 2022-02-07 12:10:35 ERROR Loggers:95 - Hata= org.openqa.selenium.NoSuchElementException: An element could not be located on the page using the given search parameters.
07-02-2022 12:10:35.592 [java] [INFO] For documentation on this error, please visit: https://www.seleniumhq.org/exceptions/no_such_element.html
07-02-2022 12:10:35.592 [java] [INFO] Build info: version: '3.141.59', revision: 'e82be7d358', time: '2018-11-14T08:17:03'
07-02-2022 12:10:35.592 [java] [INFO] System info: host: 'DESKTOP-0SV2QON', ip: '172.29.96.1', os.name: 'Windows 10', os.arch: 'amd64', os.version: '10.0', java.version: '1.8.0_311'
07-02-2022 12:10:35.592 [java] [INFO] Driver info: io.appium.java_client.android.AndroidDriver
07-02-2022 12:10:35.592 [java] [INFO] Capabilities {appActivity: com.ozdilek.ozdilekteyim.Ma..., appPackage: com.ozdilek.ozdilekteyim, databaseEnabled: false, desired: {appActivity: com.ozdilek.ozdilekteyim.Ma..., appPackage: com.ozdilek.ozdilekteyim, deviceName: emulator-5554, newCommandTimeout: 3000, platformName: android}, deviceApiLevel: 30, deviceManufacturer: Google, deviceModel: sdk_gphone_x86, deviceName: emulator-5554, deviceScreenDensity: 420, deviceScreenSize: 1080x1920, deviceUDID: emulator-5554, javascriptEnabled: true, locationContextEnabled: false, networkConnectionEnabled: true, newCommandTimeout: 3000, pixelRatio: 2.625, platform: LINUX, platformName: Android, platformVersion: 11, statBarHeight: 63, takesScreenshot: true, viewportRect: {height: 1731, left: 0, top: 63, width: 1080}, warnings: {}, webStorageEnabled: false}
07-02-2022 12:10:35.592 [java] [INFO] Session ID: 6b7558d3-e961-4799-9c3d-13e134f64663
07-02-2022 12:10:35.592 [java] [INFO] *** Element info: {Using=id, value=com.ozdilek.ozdilekteyim:id/textView}
07-02-2022 12:10:35.658 [java] [DEBUG] Executing '{}' using 'class StepImplementation.logger
07-02-2022 12:10:35.660 [java] [INFO] 2022-02-07 12:10:35 INFO  Loggers:22 - Anasayfada başlığı kontrol edildi
07-02-2022 12:10:35.746 [java] [DEBUG] Executing '{} saniye kadar bekle' using 'class StepImplementation.waitForseconds
07-02-2022 12:10:38.780 [java] [DEBUG] Executing '{} id elemente tıkla' using 'class StepImplementation.clickByid
07-02-2022 12:10:39.162 [java] [DEBUG] Executing '{}' using 'class StepImplementation.logger
07-02-2022 12:10:39.164 [java] [INFO] 2022-02-07 12:10:39 INFO  Loggers:22 - Alışverişe başla butonuna basıldı
07-02-2022 12:10:39.219 [java] [DEBUG] Executing '{} saniye kadar bekle' using 'class StepImplementation.waitForseconds
07-02-2022 12:10:42.249 [java] [DEBUG] Executing '{} id elementi bul ve {} alanını kontrol et' using 'class StepImplementation.textAreacontrolById
07-02-2022 12:10:42.482 [java] [DEBUG] Executing '{}' using 'class StepImplementation.logger
07-02-2022 12:10:42.483 [java] [INFO] 2022-02-07 12:10:42 INFO  Loggers:22 - Alışveriş sayfasının açıldığı kontrol edildi
07-02-2022 12:10:42.495 [java] [DEBUG] Executing '{} saniye kadar bekle' using 'class StepImplementation.waitForseconds
07-02-2022 12:10:45.511 [java] [DEBUG] Executing '{} id elemente tıkla' using 'class StepImplementation.clickByid
07-02-2022 12:10:45.733 [java] [DEBUG] Executing '{}' using 'class StepImplementation.logger
07-02-2022 12:10:45.734 [java] [INFO] 2022-02-07 12:10:45 INFO  Loggers:22 - Kategoriler sayfası açıldı
07-02-2022 12:10:45.771 [java] [DEBUG] Executing '{} saniye kadar bekle' using 'class StepImplementation.waitForseconds
07-02-2022 12:10:48.796 [java] [DEBUG] Executing '{} xpath elementi bul ve {} alanını kontrol et' using 'class StepImplementation.textAreacontrolByXpath
07-02-2022 12:10:49.614 [java] [DEBUG] Executing '{}' using 'class StepImplementation.logger
07-02-2022 12:10:49.615 [java] [INFO] 2022-02-07 12:10:49 INFO  Loggers:22 - Kategoriler sayfasının açıldığı kontrol edildi
07-02-2022 12:10:49.635 [java] [DEBUG] Executing '{} saniye kadar bekle' using 'class StepImplementation.waitForseconds
07-02-2022 12:10:52.668 [java] [DEBUG] Executing '{} xpath elemente tıkla' using 'class StepImplementation.clickByXpath
07-02-2022 12:10:52.866 [java] [DEBUG] Executing '{}' using 'class StepImplementation.logger
07-02-2022 12:10:52.867 [java] [INFO] 2022-02-07 12:10:52 INFO  Loggers:22 - Kadın seçeneğine tıklandı
07-02-2022 12:10:52.875 [java] [DEBUG] Executing '{} saniye kadar bekle' using 'class StepImplementation.waitForseconds
07-02-2022 12:10:55.895 [java] [DEBUG] Executing 'Sayfayı aşağıya kaydır' using 'class StepImplementation.scrollDownSmall
07-02-2022 12:10:56.910 [java] [DEBUG] Executing '{} saniye kadar bekle' using 'class StepImplementation.waitForseconds
07-02-2022 12:10:59.942 [java] [DEBUG] Executing '{} xpath elemente tıkla' using 'class StepImplementation.clickByXpath
07-02-2022 12:11:00.119 [java] [DEBUG] Executing '{}' using 'class StepImplementation.logger
07-02-2022 12:11:00.120 [java] [INFO] 2022-02-07 12:11:00 INFO  Loggers:22 - Pantalon kategorisi seçildi
07-02-2022 12:11:00.127 [java] [DEBUG] Executing '{} saniye kadar bekle' using 'class StepImplementation.waitForseconds
07-02-2022 12:11:03.154 [java] [DEBUG] Executing 'Sayfayı sayfa boyunca aşağı kaydır' using 'class StepImplementation.scrollDown
07-02-2022 12:11:04.193 [java] [DEBUG] Executing '{} saniye kadar bekle' using 'class StepImplementation.waitForseconds
07-02-2022 12:11:07.211 [java] [DEBUG] Executing 'Sayfayı sayfa boyunca aşağı kaydır' using 'class StepImplementation.scrollDown
07-02-2022 12:11:08.178 [java] [DEBUG] Executing '{} xpath elementlerten rastgele bir tane seç' using 'class StepImplementation.randomSelect
07-02-2022 12:11:09.740 [java] [DEBUG] Executing '{}' using 'class StepImplementation.logger
07-02-2022 12:11:09.741 [java] [INFO] 2022-02-07 12:11:09 INFO  Loggers:22 - Rastegele pantalon seçimi yapıldı
07-02-2022 12:11:09.753 [java] [DEBUG] Executing '{} saniye kadar bekle' using 'class StepImplementation.waitForseconds
07-02-2022 12:11:12.764 [java] [DEBUG] Executing '{} xpath elementi bul ve {} alanını kontrol et' using 'class StepImplementation.textAreacontrolByXpath
07-02-2022 12:11:13.955 [java] [DEBUG] Executing '{} saniye kadar bekle' using 'class StepImplementation.waitForseconds
07-02-2022 12:11:16.974 [java] [DEBUG] Executing '{} id elemente tıkla' using 'class StepImplementation.clickByid
07-02-2022 12:11:17.096 [java] [DEBUG] Executing '{} saniye kadar bekle' using 'class StepImplementation.waitForseconds
07-02-2022 12:11:20.103 [java] [DEBUG] Executing '{}' using 'class StepImplementation.logger
07-02-2022 12:11:20.104 [java] [INFO] 2022-02-07 12:11:20 INFO  Loggers:22 - Ürün detay sayfası açılır ve favorilere eklendi
07-02-2022 12:11:20.108 [java] [DEBUG] Executing '{} id elementi bul ve {} alanını kontrol et' using 'class StepImplementation.textAreacontrolById
07-02-2022 12:11:20.153 [java] [DEBUG] Executing '{} saniye kadar bekle' using 'class StepImplementation.waitForseconds
07-02-2022 12:11:23.182 [java] [DEBUG] Executing '{} id elementi bul ve {} değerini yaz' using 'class StepImplementation.sendkeysByid
07-02-2022 12:11:23.898 [java] [DEBUG] Executing '{} saniye kadar bekle' using 'class StepImplementation.waitForseconds
07-02-2022 12:11:26.925 [java] [DEBUG] Executing '{} id elementi bul ve {} alanını kontrol et' using 'class StepImplementation.textAreacontrolById
07-02-2022 12:11:27.015 [java] [DEBUG] Executing '{} saniye kadar bekle' using 'class StepImplementation.waitForseconds
07-02-2022 12:11:30.052 [java] [DEBUG] Executing '{} id elementi bul ve {} değerini yaz' using 'class StepImplementation.sendkeysByid
07-02-2022 12:11:30.722 [java] [DEBUG] Executing '{}' using 'class StepImplementation.logger
07-02-2022 12:11:30.723 [java] [INFO] 2022-02-07 12:11:30 INFO  Loggers:22 - E-posta ve parola bilgileri dolduruldu
07-02-2022 12:11:30.747 [java] [DEBUG] Executing '{} saniye kadar bekle' using 'class StepImplementation.waitForseconds
07-02-2022 12:11:32.779 [java] [DEBUG] Executing '{} id elemente tıkla' using 'class StepImplementation.clickByid
07-02-2022 12:11:32.929 [java] [DEBUG] Executing '{}' using 'class StepImplementation.logger
07-02-2022 12:11:32.935 [java] [INFO] 2022-02-07 12:11:32 INFO  Loggers:22 - Geri dön butonuna basıldı
07-02-2022 12:11:32.950 [java] [DEBUG] Executing '{} saniye kadar bekle' using 'class StepImplementation.waitForseconds
07-02-2022 12:11:34.962 [java] [DEBUG] Executing '{} id elemente tıkla' using 'class StepImplementation.clickByid
07-02-2022 12:11:35.074 [java] [DEBUG] Executing '{}' using 'class StepImplementation.logger
07-02-2022 12:11:35.075 [java] [INFO] 2022-02-07 12:11:35 INFO  Loggers:22 - Geri dön butonuna basıldı
07-02-2022 12:11:35.091 [java] [DEBUG] Executing '{} saniye kadar bekle' using 'class StepImplementation.waitForseconds
07-02-2022 12:11:38.117 [java] [DEBUG] Executing 'Sayfayı sayfa boyunca aşağı kaydır' using 'class StepImplementation.scrollDown
07-02-2022 12:11:39.105 [java] [DEBUG] Executing '{} saniye kadar bekle' using 'class StepImplementation.waitForseconds
07-02-2022 12:11:42.126 [java] [DEBUG] Executing 'Sayfayı sayfa boyunca aşağı kaydır' using 'class StepImplementation.scrollDown
07-02-2022 12:11:43.111 [java] [DEBUG] Executing '{} xpath elementlerten rastgele bir tane seç' using 'class StepImplementation.randomSelect
07-02-2022 12:11:44.849 [java] [DEBUG] Executing '{}' using 'class StepImplementation.logger
07-02-2022 12:11:44.850 [java] [INFO] 2022-02-07 12:11:44 INFO  Loggers:22 - Rastegele pantalon seçimi yapıldı
07-02-2022 12:11:44.860 [java] [DEBUG] Executing '{} saniye kadar bekle' using 'class StepImplementation.waitForseconds
07-02-2022 12:11:47.876 [java] [DEBUG] Executing '{} xpath elementlerten rastgele bir tane seç' using 'class StepImplementation.randomSelect
07-02-2022 12:11:48.259 [java] [DEBUG] Executing '{}' using 'class StepImplementation.logger
07-02-2022 12:11:48.260 [java] [INFO] 2022-02-07 12:11:48 INFO  Loggers:22 - Beden seçimi yapıldı
07-02-2022 12:11:48.269 [java] [DEBUG] Executing '{} saniye kadar bekle' using 'class StepImplementation.waitForseconds
07-02-2022 12:11:51.305 [java] [DEBUG] Executing '{} id elemente tıkla' using 'class StepImplementation.clickByid
07-02-2022 12:11:51.529 [java] [DEBUG] Executing '{}' using 'class StepImplementation.logger
07-02-2022 12:11:51.531 [java] [INFO] 2022-02-07 12:11:51 INFO  Loggers:22 - Ürün sepete eklendi
07-02-2022 12:11:51.547 [java] [DEBUG] Executing '{} saniye kadar bekle' using 'class StepImplementation.waitForseconds
07-02-2022 12:11:54.570 [java] [DEBUG] Executing '{}' using 'class StepImplementation.logger
07-02-2022 12:11:54.572 [java] [INFO] 2022-02-07 12:11:54 INFO  Loggers:22 - ÖZDİLEKTEYİM UYGULAMSI TESTİ SONLANDI
07-02-2022 12:11:55.836 [html-report] [DEBUG] Transformed SuiteResult to report structure
07-02-2022 12:11:57.688 [html-report] [INFO] Successfully generated html-report to => C:\Users\testinium\IntelliJIDEAProjects\AppiumMobile\reports\html-report\index.html
07-02-2022 12:11:57.689 [html-report] [DEBUG] Done generating HTML report using theme from C:\Users\testinium\AppData\Roaming\gauge\plugins\html-report\4.1.4\themes\default
07-02-2022 12:11:57.689 [Gauge] [DEBUG] Sending kill message to Html Report plugin.
07-02-2022 12:11:57.692 [java] [DEBUG] Killing Java runner...
07-02-2022 12:11:57.696 [java] [DEBUG] Stopping execution pool...
07-02-2022 12:11:57.697 [java] [DEBUG] Shutting down grpc server...
07-02-2022 12:11:57.771 [java] [DEBUG] Runner killed gracefully.
07-02-2022 12:11:58.515 [Gauge] [DEBUG] Runner with PID:6360 has exited
07-02-2022 12:11:58.515 [Gauge] [INFO] Specifications:	1 executed	1 passed	0 failed	0 skipped
07-02-2022 12:11:58.515 [Gauge] [INFO] Scenarios:	1 executed	1 passed	0 failed	0 skipped
07-02-2022 12:11:58.519 [Gauge] [INFO] 
Total time taken: 1m52.558s
07-02-2022 12:11:58.520 [Gauge] [INFO] Updates are available. Run `gauge update -c` for more info.
